
> fenomena-app@0.1.0 dev
> next dev --turbopack

 ⚠ Port 3000 is in use by an unknown process, using available port 3003 instead.
   ▲ Next.js 15.4.2 (Turbopack)
   - Local:        http://localhost:3003
   - Network:      http://172.16.51.239:3003
   - Environments: .env

 ✓ Starting...
 ✓ Compiled middleware in 360ms
 ✓ Ready in 3.2s
 ⚠ Found a change in next.config.ts. Restarting the server to apply the changes...
   ▲ Next.js 15.4.2 (Turbopack)
   - Local:        http://localhost:3003
   - Network:      http://172.16.51.239:3003
   - Environments: .env
   - Experiments (use with caution):
     · serverComponentsExternalPackages

 ✓ Starting...
 ⚠ Invalid next.config.ts options detected: 
 ⚠     Unrecognized key(s) in object: 'serverComponentsExternalPackages' at "experimental"
 ⚠ See more info here: https://nextjs.org/docs/messages/invalid-next-config
 ⚠ `experimental.serverComponentsExternalPackages` has been moved to `serverExternalPackages`. Please update your next.config.ts file accordingly.
 ○ Compiling middleware ...
 ✓ Compiled middleware in 1388ms
 ✓ Ready in 6.3s
   Reload env: .env.local
 ⚠ Found a change in next.config.ts. Restarting the server to apply the changes...
   ▲ Next.js 15.4.2 (Turbopack)
   - Local:        http://localhost:3003
   - Network:      http://172.16.51.239:3003
   - Environments: .env.local, .env

 ✓ Starting...
 ○ Compiling middleware ...
 ✓ Compiled middleware in 788ms
 ✓ Ready in 3.8s
